<?xml version="1.0" encoding="UTF-8"?>
<!-- Generated by org.testng.reporters.JUnitReportReporter -->
<testsuite skipped="0" hostname="edu15-PC" name="login.Logintest" tests="1" failures="0" timestamp="21 Jun 2018 09:53:59 GMT" time="5.986" errors="0">
  <testcase name="L" time="5.986" classname="login.Logintest"/>
</testsuite> <!-- login.Logintest -->
