<?xml version="1.0" encoding="UTF-8"?>
<!-- Generated by org.testng.reporters.JUnitReportReporter -->
<testsuite skipped="0" hostname="edu15-PC" name="fileup.FileuploadTest" tests="1" failures="0" timestamp="30 Jun 2018 09:38:19 GMT" time="0.649" errors="0">
  <testcase name="upload" time="0.649" classname="fileup.FileuploadTest"/>
</testsuite> <!-- fileup.FileuploadTest -->
